<?xml version="1.0" encoding="UTF-8"?>
<testsuite name="Scenario: Example Scenario" time="0.001" tests="4" errors="0" skipped="0" failures="0">
  <properties>
[...]
</properties>
  <testcase name="Given this is your first cucumber test" classname="Scenario: Example Scenario" time="0.001"/>
  <testcase name="When you see this" classname="Scenario: Example Scenario" time="0"/>
  <testcase name="Then you&apos;ll understand the purpose of life" classname="Scenario: Example Scenario" time="0"/>
  <testcase name="Scenario: Example Scenario" classname="Scenario: Example Scenario" time="0"/>
</testsuite>